
Showing logs for build [32msalaboy-demo-conference-agenda-54dc7-2[0m stage [32mfrom-build-pack[0m and container [32mstep-credential-initializer-d5jc5[0m
{"level":"warn","ts":1573055658.0186327,"logger":"fallback-logger","caller":"logging/config.go:69","msg":"Fetch GitHub commit ID from kodata failed: \"ref: refs/heads/master\" is not a valid GitHub commit ID"}
{"level":"info","ts":1573055658.019468,"logger":"fallback-logger","caller":"creds-init/main.go:40","msg":"Credentials initialized."}

Showing logs for build [32msalaboy-demo-conference-agenda-54dc7-2[0m stage [32mfrom-build-pack[0m and container [32mstep-working-dir-initializer-vhnck[0m
{"level":"warn","ts":1573055659.028079,"logger":"fallback-logger","caller":"logging/config.go:69","msg":"Fetch GitHub commit ID from kodata failed: open /var/run/ko/HEAD: no such file or directory"}
{"level":"info","ts":1573055659.031259,"logger":"fallback-logger","caller":"bash/main.go:65","msg":"Successfully executed command \"mkdir -p /workspace/source\""}

Showing logs for build [32msalaboy-demo-conference-agenda-54dc7-2[0m stage [32mfrom-build-pack[0m and container [32mstep-place-tools[0m

Showing logs for build [32msalaboy-demo-conference-agenda-54dc7-2[0m stage [32mfrom-build-pack[0m and container [32mstep-git-source-salaboy-demo-conference-agenda-twsd7[0m
{"level":"warn","ts":1573055667.1645718,"logger":"fallback-logger","caller":"logging/config.go:69","msg":"Fetch GitHub commit ID from kodata failed: \"ref: refs/heads/master\" is not a valid GitHub commit ID"}
{"level":"info","ts":1573055668.3536117,"logger":"fallback-logger","caller":"git/git.go:102","msg":"Successfully cloned https://github.com/*******/demo-conference-agenda.git @ v0.0.30 in path /workspace/source"}

Showing logs for build [32msalaboy-demo-conference-agenda-54dc7-2[0m stage [32mfrom-build-pack[0m and container [32mstep-git-merge[0m
Using SHAs from PULL_REFS=master:5a18ffaf2fafc0aaa2436c319e7905816d56c057
WARNING: no SHAs to merge, falling back to initial cloned commit

Showing logs for build [32msalaboy-demo-conference-agenda-54dc7-2[0m stage [32mfrom-build-pack[0m and container [32mstep-setup-jx-git-credentials[0m
Generated Git credentials file /workspace/xdg_config/git/credentials

Showing logs for build [32msalaboy-demo-conference-agenda-54dc7-2[0m stage [32mfrom-build-pack[0m and container [32mstep-build-mvn-deploy[0m
Picked up _JAVA_OPTIONS: -XX:+UnlockExperimentalVMOptions -XX:+UseCGroupMemoryLimitForHeap -Dsun.zip.disableMemoryMapping=true -XX:+UseParallelGC -XX:MinHeapFreeRatio=5 -XX:MaxHeapFreeRatio=10 -XX:GCTimeRatio=4 -XX:AdaptiveSizePolicyWeight=90 -Xms10m -Xmx192m
OpenJDK 64-Bit Server VM warning: If the number of processors is expected to increase from one, then you should configure the number of parallel GC threads appropriately using -XX:ParallelGCThreads=N
[INFO] Scanning for projects...
[INFO] 
[INFO] -------------< com.*******.conferences:conference-agenda >--------------
[INFO] Building Conference Agenda Service 0.0.30
[INFO] --------------------------------[ jar ]---------------------------------
[INFO] 
[INFO] --- maven-clean-plugin:3.1.0:clean (default-clean) @ conference-agenda ---
[INFO] 
[INFO] --- maven-resources-plugin:3.1.0:resources (default-resources) @ conference-agenda ---
[INFO] Using 'UTF-8' encoding to copy filtered resources.
[INFO] Copying 1 resource
[INFO] Copying 0 resource
[INFO] 
[INFO] --- maven-compiler-plugin:3.8.1:compile (default-compile) @ conference-agenda ---
[INFO] Changes detected - recompiling the module!
[INFO] Compiling 3 source files to /workspace/source/target/classes
[INFO] 
[INFO] --- maven-resources-plugin:3.1.0:testResources (default-testResources) @ conference-agenda ---
[INFO] Using 'UTF-8' encoding to copy filtered resources.
[INFO] skip non existing resourceDirectory /workspace/source/src/test/resources
[INFO] 
[INFO] --- maven-compiler-plugin:3.8.1:testCompile (default-testCompile) @ conference-agenda ---
[INFO] Changes detected - recompiling the module!
[INFO] Compiling 1 source file to /workspace/source/target/test-classes
[INFO] 
[INFO] --- maven-surefire-plugin:3.0.0-M1:test (default-test) @ conference-agenda ---
[INFO] 
[INFO] -------------------------------------------------------
[INFO]  T E S T S
[INFO] -------------------------------------------------------
[INFO] Running com.*******.conferences.agenda.DemoApplicationTests
15:54:50.596 [main] DEBUG org.springframework.test.context.junit4.SpringJUnit4ClassRunner - SpringJUnit4ClassRunner constructor called with [class com.*******.conferences.agenda.DemoApplicationTests]
15:54:50.616 [main] DEBUG org.springframework.test.context.BootstrapUtils - Instantiating CacheAwareContextLoaderDelegate from class [org.springframework.test.context.cache.DefaultCacheAwareContextLoaderDelegate]
15:54:50.632 [main] DEBUG org.springframework.test.context.BootstrapUtils - Instantiating BootstrapContext using constructor [public org.springframework.test.context.support.DefaultBootstrapContext(java.lang.Class,org.springframework.test.context.CacheAwareContextLoaderDelegate)]
15:54:50.708 [main] DEBUG org.springframework.test.context.BootstrapUtils - Instantiating TestContextBootstrapper for test class [com.*******.conferences.agenda.DemoApplicationTests] from class [org.springframework.boot.test.context.SpringBootTestContextBootstrapper]
15:54:50.786 [main] INFO org.springframework.boot.test.context.SpringBootTestContextBootstrapper - Neither @ContextConfiguration nor @ContextHierarchy found for test class [com.*******.conferences.agenda.DemoApplicationTests], using SpringBootContextLoader
15:54:50.801 [main] DEBUG org.springframework.test.context.support.AbstractContextLoader - Did not detect default resource location for test class [com.*******.conferences.agenda.DemoApplicationTests]: class path resource [com/*******/conferences/agenda/DemoApplicationTests-context.xml] does not exist
15:54:50.803 [main] DEBUG org.springframework.test.context.support.AbstractContextLoader - Did not detect default resource location for test class [com.*******.conferences.agenda.DemoApplicationTests]: class path resource [com/*******/conferences/agenda/DemoApplicationTestsContext.groovy] does not exist
15:54:50.805 [main] INFO org.springframework.test.context.support.AbstractContextLoader - Could not detect default resource locations for test class [com.*******.conferences.agenda.DemoApplicationTests]: no resource found for suffixes {-context.xml, Context.groovy}.
15:54:50.808 [main] INFO org.springframework.test.context.support.AnnotationConfigContextLoaderUtils - Could not detect default configuration classes for test class [com.*******.conferences.agenda.DemoApplicationTests]: DemoApplicationTests does not declare any static, non-private, non-final, nested classes annotated with @Configuration.
15:54:50.909 [main] DEBUG org.springframework.test.context.support.ActiveProfilesUtils - Could not find an 'annotation declaring class' for annotation type [org.springframework.test.context.ActiveProfiles] and class [com.*******.conferences.agenda.DemoApplicationTests]
15:54:51.097 [main] DEBUG org.springframework.context.annotation.ClassPathScanningCandidateComponentProvider - Identified candidate component class: file [/workspace/source/target/classes/com/*******/conferences/agenda/DemoApplication.class]
15:54:51.115 [main] INFO org.springframework.boot.test.context.SpringBootTestContextBootstrapper - Found @SpringBootConfiguration com.*******.conferences.agenda.DemoApplication for test class com.*******.conferences.agenda.DemoApplicationTests
15:54:51.311 [main] DEBUG org.springframework.boot.test.context.SpringBootTestContextBootstrapper - @TestExecutionListeners is not present for class [com.*******.conferences.agenda.DemoApplicationTests]: using defaults.
15:54:51.316 [main] INFO org.springframework.boot.test.context.SpringBootTestContextBootstrapper - Loaded default TestExecutionListener class names from location [META-INF/spring.factories]: [org.springframework.boot.test.mock.mockito.MockitoTestExecutionListener, org.springframework.boot.test.mock.mockito.ResetMocksTestExecutionListener, org.springframework.boot.test.autoconfigure.restdocs.RestDocsTestExecutionListener, org.springframework.boot.test.autoconfigure.web.client.MockRestServiceServerResetTestExecutionListener, org.springframework.boot.test.autoconfigure.web.servlet.MockMvcPrintOnlyOnFailureTestExecutionListener, org.springframework.boot.test.autoconfigure.web.servlet.WebDriverTestExecutionListener, org.springframework.test.context.web.ServletTestExecutionListener, org.springframework.test.context.support.DirtiesContextBeforeModesTestExecutionListener, org.springframework.test.context.support.DependencyInjectionTestExecutionListener, org.springframework.test.context.support.DirtiesContextTestExecutionListener, org.springframework.test.context.transaction.TransactionalTestExecutionListener, org.springframework.test.context.jdbc.SqlScriptsTestExecutionListener]
15:54:51.333 [main] DEBUG org.springframework.boot.test.context.SpringBootTestContextBootstrapper - Skipping candidate TestExecutionListener [org.springframework.test.context.web.ServletTestExecutionListener] due to a missing dependency. Specify custom listener classes or make the default listener classes and their required dependencies available. Offending class: [javax/servlet/ServletContext]
15:54:51.345 [main] DEBUG org.springframework.boot.test.context.SpringBootTestContextBootstrapper - Skipping candidate TestExecutionListener [org.springframework.test.context.transaction.TransactionalTestExecutionListener] due to a missing dependency. Specify custom listener classes or make the default listener classes and their required dependencies available. Offending class: [org/springframework/transaction/TransactionDefinition]
15:54:51.353 [main] DEBUG org.springframework.boot.test.context.SpringBootTestContextBootstrapper - Skipping candidate TestExecutionListener [org.springframework.test.context.jdbc.SqlScriptsTestExecutionListener] due to a missing dependency. Specify custom listener classes or make the default listener classes and their required dependencies available. Offending class: [org/springframework/transaction/interceptor/TransactionAttribute]
15:54:51.356 [main] INFO org.springframework.boot.test.context.SpringBootTestContextBootstrapper - Using TestExecutionListeners: [org.springframework.test.context.support.DirtiesContextBeforeModesTestExecutionListener@9f116cc, org.springframework.boot.test.mock.mockito.MockitoTestExecutionListener@12468a38, org.springframework.boot.test.autoconfigure.SpringBootDependencyInjectionTestExecutionListener@1aa7ecca, org.springframework.test.context.support.DirtiesContextTestExecutionListener@59309333, org.springframework.boot.test.mock.mockito.ResetMocksTestExecutionListener@5876a9af, org.springframework.boot.test.autoconfigure.restdocs.RestDocsTestExecutionListener@7ec7ffd3, org.springframework.boot.test.autoconfigure.web.client.MockRestServiceServerResetTestExecutionListener@5b239d7d, org.springframework.boot.test.autoconfigure.web.servlet.MockMvcPrintOnlyOnFailureTestExecutionListener@6572421, org.springframework.boot.test.autoconfigure.web.servlet.WebDriverTestExecutionListener@6b81ce95]
15:54:51.366 [main] DEBUG org.springframework.test.annotation.ProfileValueUtils - Retrieved @ProfileValueSourceConfiguration [null] for test class [com.*******.conferences.agenda.DemoApplicationTests]
15:54:51.385 [main] DEBUG org.springframework.test.annotation.ProfileValueUtils - Retrieved ProfileValueSource type [class org.springframework.test.annotation.SystemProfileValueSource] for class [com.*******.conferences.agenda.DemoApplicationTests]
15:54:51.395 [main] DEBUG org.springframework.test.annotation.ProfileValueUtils - Retrieved @ProfileValueSourceConfiguration [null] for test class [com.*******.conferences.agenda.DemoApplicationTests]
15:54:51.400 [main] DEBUG org.springframework.test.annotation.ProfileValueUtils - Retrieved ProfileValueSource type [class org.springframework.test.annotation.SystemProfileValueSource] for class [com.*******.conferences.agenda.DemoApplicationTests]
15:54:51.404 [main] DEBUG org.springframework.test.annotation.ProfileValueUtils - Retrieved @ProfileValueSourceConfiguration [null] for test class [com.*******.conferences.agenda.DemoApplicationTests]
15:54:51.404 [main] DEBUG org.springframework.test.annotation.ProfileValueUtils - Retrieved ProfileValueSource type [class org.springframework.test.annotation.SystemProfileValueSource] for class [com.*******.conferences.agenda.DemoApplicationTests]
15:54:51.416 [main] DEBUG org.springframework.test.context.support.AbstractDirtiesContextTestExecutionListener - Before test class: context [DefaultTestContext@158d2680 testClass = DemoApplicationTests, testInstance = [null], testMethod = [null], testException = [null], mergedContextConfiguration = [ReactiveWebMergedContextConfiguration@77847718 testClass = DemoApplicationTests, locations = '{}', classes = '{class com.*******.conferences.agenda.DemoApplication}', contextInitializerClasses = '[]', activeProfiles = '{}', propertySourceLocations = '{}', propertySourceProperties = '{org.springframework.boot.test.context.SpringBootTestContextBootstrapper=true}', contextCustomizers = set[org.springframework.boot.test.context.filter.ExcludeFilterContextCustomizer@c46bcd4, org.springframework.boot.test.json.DuplicateJsonObjectContextCustomizerFactory$DuplicateJsonObjectContextCustomizer@36b4cef0, org.springframework.boot.test.mock.mockito.MockitoContextCustomizer@0, org.springframework.boot.test.web.client.TestRestTemplateContextCustomizer@5bfbf16f, org.springframework.boot.test.web.reactive.server.WebTestClientContextCustomizer@44c8afef, org.springframework.boot.test.autoconfigure.properties.PropertyMappingContextCustomizer@0, org.springframework.boot.test.autoconfigure.web.servlet.WebDriverContextCustomizerFactory$Customizer@e720b71], contextLoader = 'org.springframework.boot.test.context.SpringBootContextLoader', parent = [null]], attributes = map[[empty]]], class annotated with @DirtiesContext [false] with mode [null].
15:54:51.423 [main] DEBUG org.springframework.test.annotation.ProfileValueUtils - Retrieved @ProfileValueSourceConfiguration [null] for test class [com.*******.conferences.agenda.DemoApplicationTests]
15:54:51.424 [main] DEBUG org.springframework.test.annotation.ProfileValueUtils - Retrieved ProfileValueSource type [class org.springframework.test.annotation.SystemProfileValueSource] for class [com.*******.conferences.agenda.DemoApplicationTests]
15:54:51.433 [main] DEBUG org.springframework.test.context.support.DependencyInjectionTestExecutionListener - Performing dependency injection for test context [[DefaultTestContext@158d2680 testClass = DemoApplicationTests, testInstance = com.*******.conferences.agenda.DemoApplicationTests@1bd4fdd, testMethod = [null], testException = [null], mergedContextConfiguration = [ReactiveWebMergedContextConfiguration@77847718 testClass = DemoApplicationTests, locations = '{}', classes = '{class com.*******.conferences.agenda.DemoApplication}', contextInitializerClasses = '[]', activeProfiles = '{}', propertySourceLocations = '{}', propertySourceProperties = '{org.springframework.boot.test.context.SpringBootTestContextBootstrapper=true}', contextCustomizers = set[org.springframework.boot.test.context.filter.ExcludeFilterContextCustomizer@c46bcd4, org.springframework.boot.test.json.DuplicateJsonObjectContextCustomizerFactory$DuplicateJsonObjectContextCustomizer@36b4cef0, org.springframework.boot.test.mock.mockito.MockitoContextCustomizer@0, org.springframework.boot.test.web.client.TestRestTemplateContextCustomizer@5bfbf16f, org.springframework.boot.test.web.reactive.server.WebTestClientContextCustomizer@44c8afef, org.springframework.boot.test.autoconfigure.properties.PropertyMappingContextCustomizer@0, org.springframework.boot.test.autoconfigure.web.servlet.WebDriverContextCustomizerFactory$Customizer@e720b71], contextLoader = 'org.springframework.boot.test.context.SpringBootContextLoader', parent = [null]], attributes = map[[empty]]]].
15:54:51.500 [main] DEBUG org.springframework.test.context.support.TestPropertySourceUtils - Adding inlined properties to environment: {spring.jmx.enabled=false, org.springframework.boot.test.context.SpringBootTestContextBootstrapper=true, server.port=-1}

 ███████╗███████╗███████╗██████╗ ███████╗     ██████╗██╗     ██╗███████╗███╗   ██╗████████╗
 ╚══███╔╝██╔════╝██╔════╝██╔══██╗██╔════╝    ██╔════╝██║     ██║██╔════╝████╗  ██║╚══██╔══╝
   ███╔╝ █████╗  █████╗  ██████╔╝█████╗      ██║     ██║     ██║█████╗  ██╔██╗ ██║   ██║
  ███╔╝  ██╔══╝  ██╔══╝  ██╔══██╗██╔══╝      ██║     ██║     ██║██╔══╝  ██║╚██╗██║   ██║
 ███████╗███████╗███████╗██████╔╝███████╗    ╚██████╗███████╗██║███████╗██║ ╚████║   ██║
 ╚══════╝╚══════╝╚══════╝╚═════╝ ╚══════╝     ╚═════╝╚══════╝╚═╝╚══════╝╚═╝  ╚═══╝   ╚═╝

  Spring-Boot:  (v2.1.9.RELEASE)
  Spring-Zeebe: (v0.6.0)
  Zeebe-Client: (v0.20.0)

2019-11-06 15:54:52.261  INFO 70 --- [           main] c.s.c.agenda.DemoApplicationTests        : Starting DemoApplicationTests on *******-demo-conference-agenda-54dc7-2-from-build-pack-thlpd-po with PID 70 (started by root in /workspace/source)
2019-11-06 15:54:52.271  INFO 70 --- [           main] c.s.c.agenda.DemoApplicationTests        : No active profile set, falling back to default profiles: default
2019-11-06 15:54:54.925  INFO 70 --- [           main] trationDelegate$BeanPostProcessorChecker : Bean 'io.zeebe.spring.client.config.processor.PostProcessorConfiguration' of type [io.zeebe.spring.client.config.processor.PostProcessorConfiguration] is not eligible for getting processed by all BeanPostProcessors (for example: not eligible for auto-proxying)
2019-11-06 15:54:54.982  INFO 70 --- [           main] trationDelegate$BeanPostProcessorChecker : Bean 'io.zeebe.spring.client.bean.value.factory.ReadAnnotationValueConfiguration' of type [io.zeebe.spring.client.bean.value.factory.ReadAnnotationValueConfiguration] is not eligible for getting processed by all BeanPostProcessors (for example: not eligible for auto-proxying)
2019-11-06 15:54:55.004  INFO 70 --- [           main] trationDelegate$BeanPostProcessorChecker : Bean 'zeebeExpressionResolver' of type [io.zeebe.spring.util.ZeebeExpressionResolver] is not eligible for getting processed by all BeanPostProcessors (for example: not eligible for auto-proxying)
2019-11-06 15:54:55.027  INFO 70 --- [           main] trationDelegate$BeanPostProcessorChecker : Bean 'readZeebeDeploymentValue' of type [io.zeebe.spring.client.bean.value.factory.ReadZeebeDeploymentValue] is not eligible for getting processed by all BeanPostProcessors (for example: not eligible for auto-proxying)
2019-11-06 15:54:55.045  INFO 70 --- [           main] trationDelegate$BeanPostProcessorChecker : Bean 'deploymentPostProcessor' of type [io.zeebe.spring.client.config.processor.DeploymentPostProcessor] is not eligible for getting processed by all BeanPostProcessors (for example: not eligible for auto-proxying)
2019-11-06 15:54:55.076  INFO 70 --- [           main] trationDelegate$BeanPostProcessorChecker : Bean 'readZeebeWorkerValue' of type [io.zeebe.spring.client.bean.value.factory.ReadZeebeWorkerValue] is not eligible for getting processed by all BeanPostProcessors (for example: not eligible for auto-proxying)
2019-11-06 15:54:55.122  INFO 70 --- [           main] trationDelegate$BeanPostProcessorChecker : Bean 'zeebeWorkerPostProcessor' of type [io.zeebe.spring.client.config.processor.ZeebeWorkerPostProcessor] is not eligible for getting processed by all BeanPostProcessors (for example: not eligible for auto-proxying)
2019-11-06 15:54:55.225  INFO 70 --- [           main] trationDelegate$BeanPostProcessorChecker : Bean 'zeebe.client-io.zeebe.spring.client.properties.ZeebeClientConfigurationProperties' of type [io.zeebe.spring.client.properties.ZeebeClientConfigurationProperties] is not eligible for getting processed by all BeanPostProcessors (for example: not eligible for auto-proxying)
2019-11-06 15:54:55.247  INFO 70 --- [           main] trationDelegate$BeanPostProcessorChecker : Bean 'io.zeebe.spring.client.config.ZeebeClientStarterAutoConfiguration' of type [io.zeebe.spring.client.config.ZeebeClientStarterAutoConfiguration$$EnhancerBySpringCGLIB$$2be88602] is not eligible for getting processed by all BeanPostProcessors (for example: not eligible for auto-proxying)
2019-11-06 15:54:55.293  INFO 70 --- [           main] trationDelegate$BeanPostProcessorChecker : Bean 'builder' of type [io.zeebe.client.impl.ZeebeClientBuilderImpl] is not eligible for getting processed by all BeanPostProcessors (for example: not eligible for auto-proxying)
2019-11-06 15:54:55.302  INFO 70 --- [           main] trationDelegate$BeanPostProcessorChecker : Bean 'io.zeebe.spring.client.config.ZeebeClientSpringConfiguration' of type [io.zeebe.spring.client.config.ZeebeClientSpringConfiguration] is not eligible for getting processed by all BeanPostProcessors (for example: not eligible for auto-proxying)
2019-11-06 15:54:55.331  INFO 70 --- [           main] trationDelegate$BeanPostProcessorChecker : Bean 'zeebeClientObjectFactory' of type [io.zeebe.spring.client.config.ZeebeClientSpringConfiguration$$Lambda$224/1897221921] is not eligible for getting processed by all BeanPostProcessors (for example: not eligible for auto-proxying)
2019-11-06 15:54:55.352  INFO 70 --- [           main] trationDelegate$BeanPostProcessorChecker : Bean 'zeebeClientLifecycle' of type [io.zeebe.spring.client.ZeebeClientLifecycle] is not eligible for getting processed by all BeanPostProcessors (for example: not eligible for auto-proxying)
2019-11-06 15:54:55.605  INFO 70 --- [           main] i.z.s.c.c.p.ZeebeWorkerPostProcessor     : zeebeWorker: ClassInfo(bean=com.*******.conferences.agenda.DemoApplication$$EnhancerBySpringCGLIB$$b0b5e8c7@534243e4, beanName=demoApplication)
2019-11-06 15:54:58.285  INFO 70 --- [           main] o.s.b.a.e.web.EndpointLinksResolver      : Exposing 2 endpoint(s) beneath base path '/actuator'
2019-11-06 15:55:00.431  INFO 70 --- [           main] i.z.s.c.c.p.ZeebeWorkerPostProcessor     : register job worker: ZeebeWorkerValue(type=agenda-publish, name=agenda-worker, timeout=10000, maxJobsActive=2, beanInfo=MethodInfo(classInfo=ClassInfo(bean=com.*******.conferences.agenda.DemoApplication$$EnhancerBySpringCGLIB$$b0b5e8c7@534243e4, beanName=demoApplication), method=public void com.*******.conferences.agenda.DemoApplication.newAgendaItemJob(io.zeebe.client.api.worker.JobClient,io.zeebe.client.api.response.ActivatedJob)))
2019-11-06 15:55:00.475  INFO 70 --- [           main] c.s.c.agenda.DemoApplicationTests        : Started DemoApplicationTests in 8.956 seconds (JVM running for 10.732)
2019-11-06 15:55:00.778  WARN 70 --- [ault-executor-0] io.grpc.internal.ManagedChannelImpl      : [Channel<1>: (**-zeebe:26500)] Failed to resolve name. status=Status{code=UNAVAILABLE, description=Unable to resolve host **-zeebe, cause=java.lang.RuntimeException: java.net.UnknownHostException: **-zeebe: Name or service not known
	at io.grpc.internal.DnsNameResolver.resolveAll(DnsNameResolver.java:420)
	at io.grpc.internal.DnsNameResolver$Resolve.resolveInternal(DnsNameResolver.java:256)
	at io.grpc.internal.DnsNameResolver$Resolve.run(DnsNameResolver.java:213)
	at java.util.concurrent.ThreadPoolExecutor.runWorker(ThreadPoolExecutor.java:1149)
	at java.util.concurrent.ThreadPoolExecutor$Worker.run(ThreadPoolExecutor.java:624)
	at java.lang.Thread.run(Thread.java:748)
Caused by: java.net.UnknownHostException: **-zeebe: Name or service not known
	at java.net.Inet4AddressImpl.lookupAllHostAddr(Native Method)
	at java.net.InetAddress$2.lookupAllHostAddr(InetAddress.java:929)
	at java.net.InetAddress.getAddressesFromNameService(InetAddress.java:1324)
	at java.net.InetAddress.getAllByName0(InetAddress.java:1277)
	at java.net.InetAddress.getAllByName(InetAddress.java:1193)
	at java.net.InetAddress.getAllByName(InetAddress.java:1127)
	at io.grpc.internal.DnsNameResolver$JdkAddressResolver.resolveAddress(DnsNameResolver.java:640)
	at io.grpc.internal.DnsNameResolver.resolveAll(DnsNameResolver.java:388)
	... 5 more
}
2019-11-06 15:55:00.845  WARN 70 --- [ault-executor-0] io.zeebe.client.job.poller               : Failed to activated jobs for worker agenda-worker and job type agenda-publish

io.grpc.StatusRuntimeException: UNAVAILABLE: Unable to resolve host **-zeebe
	at io.grpc.Status.asRuntimeException(Status.java:533) ~[grpc-api-1.22.1.jar:1.22.1]
	at io.grpc.stub.ClientCalls$StreamObserverToCallListenerAdapter.onClose(ClientCalls.java:442) [grpc-stub-1.22.1.jar:1.22.1]
	at io.grpc.PartialForwardingClientCallListener.onClose(PartialForwardingClientCallListener.java:39) [grpc-api-1.22.1.jar:1.22.1]
	at io.grpc.ForwardingClientCallListener.onClose(ForwardingClientCallListener.java:23) [grpc-api-1.22.1.jar:1.22.1]
	at io.grpc.ForwardingClientCallListener$SimpleForwardingClientCallListener.onClose(ForwardingClientCallListener.java:40) [grpc-api-1.22.1.jar:1.22.1]
	at io.grpc.internal.CensusStatsModule$StatsClientInterceptor$1$1.onClose(CensusStatsModule.java:700) [grpc-core-1.22.1.jar:1.22.1]
	at io.grpc.PartialForwardingClientCallListener.onClose(PartialForwardingClientCallListener.java:39) [grpc-api-1.22.1.jar:1.22.1]
	at io.grpc.ForwardingClientCallListener.onClose(ForwardingClientCallListener.java:23) [grpc-api-1.22.1.jar:1.22.1]
	at io.grpc.ForwardingClientCallListener$SimpleForwardingClientCallListener.onClose(ForwardingClientCallListener.java:40) [grpc-api-1.22.1.jar:1.22.1]
	at io.grpc.internal.CensusTracingModule$TracingClientInterceptor$1$1.onClose(CensusTracingModule.java:399) [grpc-core-1.22.1.jar:1.22.1]
	at io.grpc.internal.ClientCallImpl.closeObserver(ClientCallImpl.java:507) [grpc-core-1.22.1.jar:1.22.1]
	at io.grpc.internal.ClientCallImpl.access$300(ClientCallImpl.java:66) [grpc-core-1.22.1.jar:1.22.1]
	at io.grpc.internal.ClientCallImpl$ClientStreamListenerImpl.close(ClientCallImpl.java:627) [grpc-core-1.22.1.jar:1.22.1]
	at io.grpc.internal.ClientCallImpl$ClientStreamListenerImpl.access$700(ClientCallImpl.java:515) [grpc-core-1.22.1.jar:1.22.1]
	at io.grpc.internal.ClientCallImpl$ClientStreamListenerImpl$1StreamClosed.runInternal(ClientCallImpl.java:686) [grpc-core-1.22.1.jar:1.22.1]
	at io.grpc.internal.ClientCallImpl$ClientStreamListenerImpl$1StreamClosed.runInContext(ClientCallImpl.java:675) [grpc-core-1.22.1.jar:1.22.1]
	at io.grpc.internal.ContextRunnable.run(ContextRunnable.java:37) [grpc-core-1.22.1.jar:1.22.1]
	at io.grpc.internal.SerializingExecutor.run(SerializingExecutor.java:123) [grpc-core-1.22.1.jar:1.22.1]
	at java.util.concurrent.ThreadPoolExecutor.runWorker(ThreadPoolExecutor.java:1149) [na:1.8.0_232]
	at java.util.concurrent.ThreadPoolExecutor$Worker.run(ThreadPoolExecutor.java:624) [na:1.8.0_232]
	at java.lang.Thread.run(Thread.java:748) [na:1.8.0_232]
Caused by: java.lang.RuntimeException: java.net.UnknownHostException: **-zeebe: Name or service not known
	at io.grpc.internal.DnsNameResolver.resolveAll(DnsNameResolver.java:420) ~[grpc-core-1.22.1.jar:1.22.1]
	at io.grpc.internal.DnsNameResolver$Resolve.resolveInternal(DnsNameResolver.java:256) ~[grpc-core-1.22.1.jar:1.22.1]
	at io.grpc.internal.DnsNameResolver$Resolve.run(DnsNameResolver.java:213) ~[grpc-core-1.22.1.jar:1.22.1]
	... 3 common frames omitted
Caused by: java.net.UnknownHostException: **-zeebe: Name or service not known
	at java.net.Inet4AddressImpl.lookupAllHostAddr(Native Method) ~[na:1.8.0_232]
	at java.net.InetAddress$2.lookupAllHostAddr(InetAddress.java:929) ~[na:1.8.0_232]
	at java.net.InetAddress.getAddressesFromNameService(InetAddress.java:1324) ~[na:1.8.0_232]
	at java.net.InetAddress.getAllByName0(InetAddress.java:1277) ~[na:1.8.0_232]
	at java.net.InetAddress.getAllByName(InetAddress.java:1193) ~[na:1.8.0_232]
	at java.net.InetAddress.getAllByName(InetAddress.java:1127) ~[na:1.8.0_232]
	at io.grpc.internal.DnsNameResolver$JdkAddressResolver.resolveAddress(DnsNameResolver.java:640) ~[grpc-core-1.22.1.jar:1.22.1]
	at io.grpc.internal.DnsNameResolver.resolveAll(DnsNameResolver.java:388) ~[grpc-core-1.22.1.jar:1.22.1]
	... 5 common frames omitted

2019-11-06 15:55:00.875  WARN 70 --- [ault-executor-0] io.zeebe.client.job.poller               : Failed to activated jobs for worker agenda-worker and job type agenda-publish

io.grpc.StatusRuntimeException: UNAVAILABLE: Unable to resolve host **-zeebe
	at io.grpc.Status.asRuntimeException(Status.java:533) ~[grpc-api-1.22.1.jar:1.22.1]
	at io.grpc.stub.ClientCalls$StreamObserverToCallListenerAdapter.onClose(ClientCalls.java:442) [grpc-stub-1.22.1.jar:1.22.1]
	at io.grpc.PartialForwardingClientCallListener.onClose(PartialForwardingClientCallListener.java:39) [grpc-api-1.22.1.jar:1.22.1]
	at io.grpc.ForwardingClientCallListener.onClose(ForwardingClientCallListener.java:23) [grpc-api-1.22.1.jar:1.22.1]
	at io.grpc.ForwardingClientCallListener$SimpleForwardingClientCallListener.onClose(ForwardingClientCallListener.java:40) [grpc-api-1.22.1.jar:1.22.1]
	at io.grpc.internal.CensusStatsModule$StatsClientInterceptor$1$1.onClose(CensusStatsModule.java:700) [grpc-core-1.22.1.jar:1.22.1]
	at io.grpc.PartialForwardingClientCallListener.onClose(PartialForwardingClientCallListener.java:39) [grpc-api-1.22.1.jar:1.22.1]
	at io.grpc.ForwardingClientCallListener.onClose(ForwardingClientCallListener.java:23) [grpc-api-1.22.1.jar:1.22.1]
	at io.grpc.ForwardingClientCallListener$SimpleForwardingClientCallListener.onClose(ForwardingClientCallListener.java:40) [grpc-api-1.22.1.jar:1.22.1]
	at io.grpc.internal.CensusTracingModule$TracingClientInterceptor$1$1.onClose(CensusTracingModule.java:399) [grpc-core-1.22.1.jar:1.22.1]
	at io.grpc.internal.ClientCallImpl.closeObserver(ClientCallImpl.java:507) [grpc-core-1.22.1.jar:1.22.1]
	at io.grpc.internal.ClientCallImpl.access$300(ClientCallImpl.java:66) [grpc-core-1.22.1.jar:1.22.1]
	at io.grpc.internal.ClientCallImpl$ClientStreamListenerImpl.close(ClientCallImpl.java:627) [grpc-core-1.22.1.jar:1.22.1]
	at io.grpc.internal.ClientCallImpl$ClientStreamListenerImpl.access$700(ClientCallImpl.java:515) [grpc-core-1.22.1.jar:1.22.1]
	at io.grpc.internal.ClientCallImpl$ClientStreamListenerImpl$1StreamClosed.runInternal(ClientCallImpl.java:686) [grpc-core-1.22.1.jar:1.22.1]
	at io.grpc.internal.ClientCallImpl$ClientStreamListenerImpl$1StreamClosed.runInContext(ClientCallImpl.java:675) [grpc-core-1.22.1.jar:1.22.1]
	at io.grpc.internal.ContextRunnable.run(ContextRunnable.java:37) [grpc-core-1.22.1.jar:1.22.1]
	at io.grpc.internal.SerializingExecutor.run(SerializingExecutor.java:123) [grpc-core-1.22.1.jar:1.22.1]
	at java.util.concurrent.ThreadPoolExecutor.runWorker(ThreadPoolExecutor.java:1149) [na:1.8.0_232]
	at java.util.concurrent.ThreadPoolExecutor$Worker.run(ThreadPoolExecutor.java:624) [na:1.8.0_232]
	at java.lang.Thread.run(Thread.java:748) [na:1.8.0_232]
Caused by: java.lang.RuntimeException: java.net.UnknownHostException: **-zeebe: Name or service not known
	at io.grpc.internal.DnsNameResolver.resolveAll(DnsNameResolver.java:420) ~[grpc-core-1.22.1.jar:1.22.1]
	at io.grpc.internal.DnsNameResolver$Resolve.resolveInternal(DnsNameResolver.java:256) ~[grpc-core-1.22.1.jar:1.22.1]
	at io.grpc.internal.DnsNameResolver$Resolve.run(DnsNameResolver.java:213) ~[grpc-core-1.22.1.jar:1.22.1]
	... 3 common frames omitted
Caused by: java.net.UnknownHostException: **-zeebe: Name or service not known
	at java.net.Inet4AddressImpl.lookupAllHostAddr(Native Method) ~[na:1.8.0_232]
	at java.net.InetAddress$2.lookupAllHostAddr(InetAddress.java:929) ~[na:1.8.0_232]
	at java.net.InetAddress.getAddressesFromNameService(InetAddress.java:1324) ~[na:1.8.0_232]
	at java.net.InetAddress.getAllByName0(InetAddress.java:1277) ~[na:1.8.0_232]
	at java.net.InetAddress.getAllByName(InetAddress.java:1193) ~[na:1.8.0_232]
	at java.net.InetAddress.getAllByName(InetAddress.java:1127) ~[na:1.8.0_232]
	at io.grpc.internal.DnsNameResolver$JdkAddressResolver.resolveAddress(DnsNameResolver.java:640) ~[grpc-core-1.22.1.jar:1.22.1]
	at io.grpc.internal.DnsNameResolver.resolveAll(DnsNameResolver.java:388) ~[grpc-core-1.22.1.jar:1.22.1]
	... 5 common frames omitted

2019-11-06 15:55:00.974  WARN 70 --- [ault-executor-0] io.zeebe.client.job.poller               : Failed to activated jobs for worker agenda-worker and job type agenda-publish

io.grpc.StatusRuntimeException: UNAVAILABLE: Unable to resolve host **-zeebe
	at io.grpc.Status.asRuntimeException(Status.java:533) ~[grpc-api-1.22.1.jar:1.22.1]
	at io.grpc.stub.ClientCalls$StreamObserverToCallListenerAdapter.onClose(ClientCalls.java:442) [grpc-stub-1.22.1.jar:1.22.1]
	at io.grpc.PartialForwardingClientCallListener.onClose(PartialForwardingClientCallListener.java:39) [grpc-api-1.22.1.jar:1.22.1]
	at io.grpc.ForwardingClientCallListener.onClose(ForwardingClientCallListener.java:23) [grpc-api-1.22.1.jar:1.22.1]
	at io.grpc.ForwardingClientCallListener$SimpleForwardingClientCallListener.onClose(ForwardingClientCallListener.java:40) [grpc-api-1.22.1.jar:1.22.1]
	at io.grpc.internal.CensusStatsModule$StatsClientInterceptor$1$1.onClose(CensusStatsModule.java:700) [grpc-core-1.22.1.jar:1.22.1]
	at io.grpc.PartialForwardingClientCallListener.onClose(PartialForwardingClientCallListener.java:39) [grpc-api-1.22.1.jar:1.22.1]
	at io.grpc.ForwardingClientCallListener.onClose(ForwardingClientCallListener.java:23) [grpc-api-1.22.1.jar:1.22.1]
	at io.grpc.ForwardingClientCallListener$SimpleForwardingClientCallListener.onClose(ForwardingClientCallListener.java:40) [grpc-api-1.22.1.jar:1.22.1]
	at io.grpc.internal.CensusTracingModule$TracingClientInterceptor$1$1.onClose(CensusTracingModule.java:399) [grpc-core-1.22.1.jar:1.22.1]
	at io.grpc.internal.ClientCallImpl.closeObserver(ClientCallImpl.java:507) [grpc-core-1.22.1.jar:1.22.1]
	at io.grpc.internal.ClientCallImpl.access$300(ClientCallImpl.java:66) [grpc-core-1.22.1.jar:1.22.1]
	at io.grpc.internal.ClientCallImpl$ClientStreamListenerImpl.close(ClientCallImpl.java:627) [grpc-core-1.22.1.jar:1.22.1]
	at io.grpc.internal.ClientCallImpl$ClientStreamListenerImpl.access$700(ClientCallImpl.java:515) [grpc-core-1.22.1.jar:1.22.1]
	at io.grpc.internal.ClientCallImpl$ClientStreamListenerImpl$1StreamClosed.runInternal(ClientCallImpl.java:686) [grpc-core-1.22.1.jar:1.22.1]
	at io.grpc.internal.ClientCallImpl$ClientStreamListenerImpl$1StreamClosed.runInContext(ClientCallImpl.java:675) [grpc-core-1.22.1.jar:1.22.1]
	at io.grpc.internal.ContextRunnable.run(ContextRunnable.java:37) [grpc-core-1.22.1.jar:1.22.1]
	at io.grpc.internal.SerializingExecutor.run(SerializingExecutor.java:123) [grpc-core-1.22.1.jar:1.22.1]
	at java.util.concurrent.ThreadPoolExecutor.runWorker(ThreadPoolExecutor.java:1149) [na:1.8.0_232]
	at java.util.concurrent.ThreadPoolExecutor$Worker.run(ThreadPoolExecutor.java:624) [na:1.8.0_232]
	at java.lang.Thread.run(Thread.java:748) [na:1.8.0_232]
Caused by: java.lang.RuntimeException: java.net.UnknownHostException: **-zeebe: Name or service not known
	at io.grpc.internal.DnsNameResolver.resolveAll(DnsNameResolver.java:420) ~[grpc-core-1.22.1.jar:1.22.1]
	at io.grpc.internal.DnsNameResolver$Resolve.resolveInternal(DnsNameResolver.java:256) ~[grpc-core-1.22.1.jar:1.22.1]
	at io.grpc.internal.DnsNameResolver$Resolve.run(DnsNameResolver.java:213) ~[grpc-core-1.22.1.jar:1.22.1]
	... 3 common frames omitted
Caused by: java.net.UnknownHostException: **-zeebe: Name or service not known
	at java.net.Inet4AddressImpl.lookupAllHostAddr(Native Method) ~[na:1.8.0_232]
	at java.net.InetAddress$2.lookupAllHostAddr(InetAddress.java:929) ~[na:1.8.0_232]
	at java.net.InetAddress.getAddressesFromNameService(InetAddress.java:1324) ~[na:1.8.0_232]
	at java.net.InetAddress.getAllByName0(InetAddress.java:1277) ~[na:1.8.0_232]
	at java.net.InetAddress.getAllByName(InetAddress.java:1193) ~[na:1.8.0_232]
	at java.net.InetAddress.getAllByName(InetAddress.java:1127) ~[na:1.8.0_232]
	at io.grpc.internal.DnsNameResolver$JdkAddressResolver.resolveAddress(DnsNameResolver.java:640) ~[grpc-core-1.22.1.jar:1.22.1]
	at io.grpc.internal.DnsNameResolver.resolveAll(DnsNameResolver.java:388) ~[grpc-core-1.22.1.jar:1.22.1]
	... 5 common frames omitted

2019-11-06 15:55:01.075  WARN 70 --- [ault-executor-0] io.zeebe.client.job.poller               : Failed to activated jobs for worker agenda-worker and job type agenda-publish

io.grpc.StatusRuntimeException: UNAVAILABLE: Unable to resolve host **-zeebe
	at io.grpc.Status.asRuntimeException(Status.java:533) ~[grpc-api-1.22.1.jar:1.22.1]
	at io.grpc.stub.ClientCalls$StreamObserverToCallListenerAdapter.onClose(ClientCalls.java:442) [grpc-stub-1.22.1.jar:1.22.1]
	at io.grpc.PartialForwardingClientCallListener.onClose(PartialForwardingClientCallListener.java:39) [grpc-api-1.22.1.jar:1.22.1]
	at io.grpc.ForwardingClientCallListener.onClose(ForwardingClientCallListener.java:23) [grpc-api-1.22.1.jar:1.22.1]
	at io.grpc.ForwardingClientCallListener$SimpleForwardingClientCallListener.onClose(ForwardingClientCallListener.java:40) [grpc-api-1.22.1.jar:1.22.1]
	at io.grpc.internal.CensusStatsModule$StatsClientInterceptor$1$1.onClose(CensusStatsModule.java:700) [grpc-core-1.22.1.jar:1.22.1]
	at io.grpc.PartialForwardingClientCallListener.onClose(PartialForwardingClientCallListener.java:39) [grpc-api-1.22.1.jar:1.22.1]
	at io.grpc.ForwardingClientCallListener.onClose(ForwardingClientCallListener.java:23) [grpc-api-1.22.1.jar:1.22.1]
	at io.grpc.ForwardingClientCallListener$SimpleForwardingClientCallListener.onClose(ForwardingClientCallListener.java:40) [grpc-api-1.22.1.jar:1.22.1]
	at io.grpc.internal.CensusTracingModule$TracingClientInterceptor$1$1.onClose(CensusTracingModule.java:399) [grpc-core-1.22.1.jar:1.22.1]
	at io.grpc.internal.ClientCallImpl.closeObserver(ClientCallImpl.java:507) [grpc-core-1.22.1.jar:1.22.1]
	at io.grpc.internal.ClientCallImpl.access$300(ClientCallImpl.java:66) [grpc-core-1.22.1.jar:1.22.1]
	at io.grpc.internal.ClientCallImpl$ClientStreamListenerImpl.close(ClientCallImpl.java:627) [grpc-core-1.22.1.jar:1.22.1]
	at io.grpc.internal.ClientCallImpl$ClientStreamListenerImpl.access$700(ClientCallImpl.java:515) [grpc-core-1.22.1.jar:1.22.1]
	at io.grpc.internal.ClientCallImpl$ClientStreamListenerImpl$1StreamClosed.runInternal(ClientCallImpl.java:686) [grpc-core-1.22.1.jar:1.22.1]
	at io.grpc.internal.ClientCallImpl$ClientStreamListenerImpl$1StreamClosed.runInContext(ClientCallImpl.java:675) [grpc-core-1.22.1.jar:1.22.1]
	at io.grpc.internal.ContextRunnable.run(ContextRunnable.java:37) [grpc-core-1.22.1.jar:1.22.1]
	at io.grpc.internal.SerializingExecutor.run(SerializingExecutor.java:123) [grpc-core-1.22.1.jar:1.22.1]
	at java.util.concurrent.ThreadPoolExecutor.runWorker(ThreadPoolExecutor.java:1149) [na:1.8.0_232]
	at java.util.concurrent.ThreadPoolExecutor$Worker.run(ThreadPoolExecutor.java:624) [na:1.8.0_232]
	at java.lang.Thread.run(Thread.java:748) [na:1.8.0_232]
Caused by: java.lang.RuntimeException: java.net.UnknownHostException: **-zeebe: Name or service not known
	at io.grpc.internal.DnsNameResolver.resolveAll(DnsNameResolver.java:420) ~[grpc-core-1.22.1.jar:1.22.1]
	at io.grpc.internal.DnsNameResolver$Resolve.resolveInternal(DnsNameResolver.java:256) ~[grpc-core-1.22.1.jar:1.22.1]
	at io.grpc.internal.DnsNameResolver$Resolve.run(DnsNameResolver.java:213) ~[grpc-core-1.22.1.jar:1.22.1]
	... 3 common frames omitted
Caused by: java.net.UnknownHostException: **-zeebe: Name or service not known
	at java.net.Inet4AddressImpl.lookupAllHostAddr(Native Method) ~[na:1.8.0_232]
	at java.net.InetAddress$2.lookupAllHostAddr(InetAddress.java:929) ~[na:1.8.0_232]
	at java.net.InetAddress.getAddressesFromNameService(InetAddress.java:1324) ~[na:1.8.0_232]
	at java.net.InetAddress.getAllByName0(InetAddress.java:1277) ~[na:1.8.0_232]
	at java.net.InetAddress.getAllByName(InetAddress.java:1193) ~[na:1.8.0_232]
	at java.net.InetAddress.getAllByName(InetAddress.java:1127) ~[na:1.8.0_232]
	at io.grpc.internal.DnsNameResolver$JdkAddressResolver.resolveAddress(DnsNameResolver.java:640) ~[grpc-core-1.22.1.jar:1.22.1]
	at io.grpc.internal.DnsNameResolver.resolveAll(DnsNameResolver.java:388) ~[grpc-core-1.22.1.jar:1.22.1]
	... 5 common frames omitted

[INFO] Tests run: 1, Failures: 0, Errors: 0, Skipped: 0, Time elapsed: 10.865 s - in com.*******.conferences.agenda.DemoApplicationTests
2019-11-06 15:55:01.175  WARN 70 --- [ault-executor-0] io.zeebe.client.job.poller               : Failed to activated jobs for worker agenda-worker and job type agenda-publish

io.grpc.StatusRuntimeException: UNAVAILABLE: Unable to resolve host **-zeebe
	at io.grpc.Status.asRuntimeException(Status.java:533) ~[grpc-api-1.22.1.jar:1.22.1]
	at io.grpc.stub.ClientCalls$StreamObserverToCallListenerAdapter.onClose(ClientCalls.java:442) [grpc-stub-1.22.1.jar:1.22.1]
	at io.grpc.PartialForwardingClientCallListener.onClose(PartialForwardingClientCallListener.java:39) [grpc-api-1.22.1.jar:1.22.1]
	at io.grpc.ForwardingClientCallListener.onClose(ForwardingClientCallListener.java:23) [grpc-api-1.22.1.jar:1.22.1]
	at io.grpc.ForwardingClientCallListener$SimpleForwardingClientCallListener.onClose(ForwardingClientCallListener.java:40) [grpc-api-1.22.1.jar:1.22.1]
	at io.grpc.internal.CensusStatsModule$StatsClientInterceptor$1$1.onClose(CensusStatsModule.java:700) [grpc-core-1.22.1.jar:1.22.1]
	at io.grpc.PartialForwardingClientCallListener.onClose(PartialForwardingClientCallListener.java:39) [grpc-api-1.22.1.jar:1.22.1]
	at io.grpc.ForwardingClientCallListener.onClose(ForwardingClientCallListener.java:23) [grpc-api-1.22.1.jar:1.22.1]
	at io.grpc.ForwardingClientCallListener$SimpleForwardingClientCallListener.onClose(ForwardingClientCallListener.java:40) [grpc-api-1.22.1.jar:1.22.1]
	at io.grpc.internal.CensusTracingModule$TracingClientInterceptor$1$1.onClose(CensusTracingModule.java:399) [grpc-core-1.22.1.jar:1.22.1]
	at io.grpc.internal.ClientCallImpl.closeObserver(ClientCallImpl.java:507) [grpc-core-1.22.1.jar:1.22.1]
	at io.grpc.internal.ClientCallImpl.access$300(ClientCallImpl.java:66) [grpc-core-1.22.1.jar:1.22.1]
	at io.grpc.internal.ClientCallImpl$ClientStreamListenerImpl.close(ClientCallImpl.java:627) [grpc-core-1.22.1.jar:1.22.1]
	at io.grpc.internal.ClientCallImpl$ClientStreamListenerImpl.access$700(ClientCallImpl.java:515) [grpc-core-1.22.1.jar:1.22.1]
	at io.grpc.internal.ClientCallImpl$ClientStreamListenerImpl$1StreamClosed.runInternal(ClientCallImpl.java:686) [grpc-core-1.22.1.jar:1.22.1]
	at io.grpc.internal.ClientCallImpl$ClientStreamListenerImpl$1StreamClosed.runInContext(ClientCallImpl.java:675) [grpc-core-1.22.1.jar:1.22.1]
	at io.grpc.internal.ContextRunnable.run(ContextRunnable.java:37) [grpc-core-1.22.1.jar:1.22.1]
	at io.grpc.internal.SerializingExecutor.run(SerializingExecutor.java:123) [grpc-core-1.22.1.jar:1.22.1]
	at java.util.concurrent.ThreadPoolExecutor.runWorker(ThreadPoolExecutor.java:1149) [na:1.8.0_232]
	at java.util.concurrent.ThreadPoolExecutor$Worker.run(ThreadPoolExecutor.java:624) [na:1.8.0_232]
	at java.lang.Thread.run(Thread.java:748) [na:1.8.0_232]
Caused by: java.lang.RuntimeException: java.net.UnknownHostException: **-zeebe: Name or service not known
	at io.grpc.internal.DnsNameResolver.resolveAll(DnsNameResolver.java:420) ~[grpc-core-1.22.1.jar:1.22.1]
	at io.grpc.internal.DnsNameResolver$Resolve.resolveInternal(DnsNameResolver.java:256) ~[grpc-core-1.22.1.jar:1.22.1]
	at io.grpc.internal.DnsNameResolver$Resolve.run(DnsNameResolver.java:213) ~[grpc-core-1.22.1.jar:1.22.1]
	... 3 common frames omitted
Caused by: java.net.UnknownHostException: **-zeebe: Name or service not known
	at java.net.Inet4AddressImpl.lookupAllHostAddr(Native Method) ~[na:1.8.0_232]
	at java.net.InetAddress$2.lookupAllHostAddr(InetAddress.java:929) ~[na:1.8.0_232]
	at java.net.InetAddress.getAddressesFromNameService(InetAddress.java:1324) ~[na:1.8.0_232]
	at java.net.InetAddress.getAllByName0(InetAddress.java:1277) ~[na:1.8.0_232]
	at java.net.InetAddress.getAllByName(InetAddress.java:1193) ~[na:1.8.0_232]
	at java.net.InetAddress.getAllByName(InetAddress.java:1127) ~[na:1.8.0_232]
	at io.grpc.internal.DnsNameResolver$JdkAddressResolver.resolveAddress(DnsNameResolver.java:640) ~[grpc-core-1.22.1.jar:1.22.1]
	at io.grpc.internal.DnsNameResolver.resolveAll(DnsNameResolver.java:388) ~[grpc-core-1.22.1.jar:1.22.1]
	... 5 common frames omitted

2019-11-06 15:55:01.296  WARN 70 --- [ault-executor-0] io.zeebe.client.job.poller               : Failed to activated jobs for worker agenda-worker and job type agenda-publish

io.grpc.StatusRuntimeException: UNAVAILABLE: Unable to resolve host **-zeebe
	at io.grpc.Status.asRuntimeException(Status.java:533) ~[grpc-api-1.22.1.jar:1.22.1]
	at io.grpc.stub.ClientCalls$StreamObserverToCallListenerAdapter.onClose(ClientCalls.java:442) [grpc-stub-1.22.1.jar:1.22.1]
	at io.grpc.PartialForwardingClientCallListener.onClose(PartialForwardingClientCallListener.java:39) [grpc-api-1.22.1.jar:1.22.1]
	at io.grpc.ForwardingClientCallListener.onClose(ForwardingClientCallListener.java:23) [grpc-api-1.22.1.jar:1.22.1]
	at io.grpc.ForwardingClientCallListener$SimpleForwardingClientCallListener.onClose(ForwardingClientCallListener.java:40) [grpc-api-1.22.1.jar:1.22.1]
	at io.grpc.internal.CensusStatsModule$StatsClientInterceptor$1$1.onClose(CensusStatsModule.java:700) [grpc-core-1.22.1.jar:1.22.1]
	at io.grpc.PartialForwardingClientCallListener.onClose(PartialForwardingClientCallListener.java:39) [grpc-api-1.22.1.jar:1.22.1]
	at io.grpc.ForwardingClientCallListener.onClose(ForwardingClientCallListener.java:23) [grpc-api-1.22.1.jar:1.22.1]
	at io.grpc.ForwardingClientCallListener$SimpleForwardingClientCallListener.onClose(ForwardingClientCallListener.java:40) [grpc-api-1.22.1.jar:1.22.1]
	at io.grpc.internal.CensusTracingModule$TracingClientInterceptor$1$1.onClose(CensusTracingModule.java:399) [grpc-core-1.22.1.jar:1.22.1]
	at io.grpc.internal.ClientCallImpl.closeObserver(ClientCallImpl.java:507) [grpc-core-1.22.1.jar:1.22.1]
	at io.grpc.internal.ClientCallImpl.access$300(ClientCallImpl.java:66) [grpc-core-1.22.1.jar:1.22.1]
	at io.grpc.internal.ClientCallImpl$ClientStreamListenerImpl.close(ClientCallImpl.java:627) [grpc-core-1.22.1.jar:1.22.1]
	at io.grpc.internal.ClientCallImpl$ClientStreamListenerImpl.access$700(ClientCallImpl.java:515) [grpc-core-1.22.1.jar:1.22.1]
	at io.grpc.internal.ClientCallImpl$ClientStreamListenerImpl$1StreamClosed.runInternal(ClientCallImpl.java:686) [grpc-core-1.22.1.jar:1.22.1]
	at io.grpc.internal.ClientCallImpl$ClientStreamListenerImpl$1StreamClosed.runInContext(ClientCallImpl.java:675) [grpc-core-1.22.1.jar:1.22.1]
	at io.grpc.internal.ContextRunnable.run(ContextRunnable.java:37) [grpc-core-1.22.1.jar:1.22.1]
	at io.grpc.internal.SerializingExecutor.run(SerializingExecutor.java:123) [grpc-core-1.22.1.jar:1.22.1]
	at java.util.concurrent.ThreadPoolExecutor.runWorker(ThreadPoolExecutor.java:1149) [na:1.8.0_232]
	at java.util.concurrent.ThreadPoolExecutor$Worker.run(ThreadPoolExecutor.java:624) [na:1.8.0_232]
	at java.lang.Thread.run(Thread.java:748) [na:1.8.0_232]
Caused by: java.lang.RuntimeException: java.net.UnknownHostException: **-zeebe: Name or service not known
	at io.grpc.internal.DnsNameResolver.resolveAll(DnsNameResolver.java:420) ~[grpc-core-1.22.1.jar:1.22.1]
	at io.grpc.internal.DnsNameResolver$Resolve.resolveInternal(DnsNameResolver.java:256) ~[grpc-core-1.22.1.jar:1.22.1]
	at io.grpc.internal.DnsNameResolver$Resolve.run(DnsNameResolver.java:213) ~[grpc-core-1.22.1.jar:1.22.1]
	... 3 common frames omitted
Caused by: java.net.UnknownHostException: **-zeebe: Name or service not known
	at java.net.Inet4AddressImpl.lookupAllHostAddr(Native Method) ~[na:1.8.0_232]
	at java.net.InetAddress$2.lookupAllHostAddr(InetAddress.java:929) ~[na:1.8.0_232]
	at java.net.InetAddress.getAddressesFromNameService(InetAddress.java:1324) ~[na:1.8.0_232]
	at java.net.InetAddress.getAllByName0(InetAddress.java:1277) ~[na:1.8.0_232]
	at java.net.InetAddress.getAllByName(InetAddress.java:1193) ~[na:1.8.0_232]
	at java.net.InetAddress.getAllByName(InetAddress.java:1127) ~[na:1.8.0_232]
	at io.grpc.internal.DnsNameResolver$JdkAddressResolver.resolveAddress(DnsNameResolver.java:640) ~[grpc-core-1.22.1.jar:1.22.1]
	at io.grpc.internal.DnsNameResolver.resolveAll(DnsNameResolver.java:388) ~[grpc-core-1.22.1.jar:1.22.1]
	... 5 common frames omitted

[INFO] 
[INFO] Results:
[INFO] 
[INFO] Tests run: 1, Failures: 0, Errors: 0, Skipped: 0
[INFO] 
[INFO] 
[INFO] --- maven-jar-plugin:3.1.2:jar (default-jar) @ conference-agenda ---
[INFO] Building jar: /workspace/source/target/conference-agenda-0.0.30.jar
[INFO] 
[INFO] --- spring-boot-maven-plugin:2.1.9.RELEASE:repackage (repackage) @ conference-agenda ---
[INFO] Replacing main artifact with repackaged archive
[INFO] 
[INFO] --- maven-install-plugin:2.5.2:install (default-install) @ conference-agenda ---
[INFO] Installing /workspace/source/target/conference-agenda-0.0.30.jar to /home/jenkins/.mvnrepository/com/*******/conferences/conference-agenda/0.0.30/conference-agenda-0.0.30.jar
[INFO] Installing /workspace/source/pom.xml to /home/jenkins/.mvnrepository/com/*******/conferences/conference-agenda/0.0.30/conference-agenda-0.0.30.pom
[INFO] 
[INFO] --- maven-deploy-plugin:2.8.2:deploy (default-deploy) @ conference-agenda ---
[INFO] Using alternate deployment repository local-nexus::default::http://nexus/repository/maven-releases/
[INFO] ------------------------------------------------------------------------
[INFO] BUILD SUCCESS
[INFO] ------------------------------------------------------------------------
[INFO] Total time:  33.658 s
[INFO] Finished at: 2019-11-06T15:55:06Z
[INFO] ------------------------------------------------------------------------

Showing logs for build [32msalaboy-demo-conference-agenda-54dc7-2[0m stage [32mfrom-build-pack[0m and container [32mstep-build-skaffold-version[0m
v0.38.0

Showing logs for build [32msalaboy-demo-conference-agenda-54dc7-2[0m stage [32mfrom-build-pack[0m and container [32mstep-build-container-build[0m
[36mINFO[0m[0000] Downloading base image openjdk:8-jdk-slim    
ERROR: logging before flag.Parse: E1106 15:55:07.107870       9 metadata.go:142] while reading 'google-dockercfg' metadata: http status code: 404 while fetching url http://metadata.google.internal./computeMetadata/v1/instance/attributes/google-dockercfg
ERROR: logging before flag.Parse: E1106 15:55:07.111152       9 metadata.go:159] while reading 'google-dockercfg-url' metadata: http status code: 404 while fetching url http://metadata.google.internal./computeMetadata/v1/instance/attributes/google-dockercfg-url
2019/11/06 15:55:07 No matching credentials were found, falling back on anonymous
[36mINFO[0m[0001] Error while retrieving image from cache: getting file info: stat /workspace/sha256:2f75fd4d652d8a4730b0e4ebbc9609e019283536e63aab95d30fb7c7f8d444fb: no such file or directory 
[36mINFO[0m[0001] Downloading base image openjdk:8-jdk-slim    
2019/11/06 15:55:08 No matching credentials were found, falling back on anonymous
[36mINFO[0m[0002] cmd: EXPOSE                                  
[36mINFO[0m[0002] Adding exposed port: 8080/tcp                
[36mINFO[0m[0002] Using files from context: [/workspace/source/pom.xml] 
[36mINFO[0m[0002] Using files from context: [/workspace/source/target/conference-agenda-0.0.30.jar] 
[36mINFO[0m[0002] Skipping unpacking as no commands require it. 
[36mINFO[0m[0002] Taking snapshot of full filesystem...        
[36mINFO[0m[0002] ENV PORT 8080                                
[36mINFO[0m[0002] No files changed in this command, skipping snapshotting. 
[36mINFO[0m[0002] ENV CLASSPATH /opt/lib                       
[36mINFO[0m[0002] No files changed in this command, skipping snapshotting. 
[36mINFO[0m[0002] EXPOSE 8080                                  
[36mINFO[0m[0002] cmd: EXPOSE                                  
[36mINFO[0m[0002] Adding exposed port: 8080/tcp                
[36mINFO[0m[0002] No files changed in this command, skipping snapshotting. 
[36mINFO[0m[0002] Using files from context: [/workspace/source/pom.xml] 
[36mINFO[0m[0002] COPY pom.xml target/lib* /opt/lib/           
[36mINFO[0m[0002] Taking snapshot of files...                  
[36mINFO[0m[0002] Using files from context: [/workspace/source/target/conference-agenda-0.0.30.jar] 
[36mINFO[0m[0002] COPY target/*.jar /opt/app.jar               
[36mINFO[0m[0002] Taking snapshot of files...                  
[36mINFO[0m[0003] WORKDIR /opt                                 
[36mINFO[0m[0003] cmd: workdir                                 
[36mINFO[0m[0003] Changed working directory to /opt            
[36mINFO[0m[0003] No files changed in this command, skipping snapshotting. 
[36mINFO[0m[0003] CMD ["java", "-XX:+UnlockExperimentalVMOptions", "-XX:+UseCGroupMemoryLimitForHeap", "-jar", "app.jar"] 
[36mINFO[0m[0003] No files changed in this command, skipping snapshotting. 
2019/11/06 15:55:10 existing blob: sha256:8d691f585fa8cec0eba196be460cfaffd69939782d6162986c3e0c5225d54f02
2019/11/06 15:55:10 existing blob: sha256:3da6fe7ff2ef0f58119eb2e8cb12c5c0b471527be95d43274b396f36fc5bbccd
2019/11/06 15:55:10 existing blob: sha256:02c32ad92c0d8181bc1743181730c576205286effbb08239f8f613acda6d4889
2019/11/06 15:55:10 existing blob: sha256:740864fcc29dcd68c386fc2893b1fe5bf974e361523cb7cd32dd706fcfa93d82
2019/11/06 15:55:14 pushed blob: sha256:706ad02f8f65ded0370e07f301983b6b77f34b01b2e7ffdce91ed7c2c6039316
2019/11/06 15:55:14 pushed blob: sha256:94649f0ace2e6141c17a256e93d71885013bfe23687c3f6a4109ffebd25ec044
2019/11/06 15:55:17 pushed blob: sha256:42f1d6e7f0a54855b6431a8a483c872e5a163440744cca33b653b0bc2aa13de7
2019/11/06 15:55:18 gcr.io/camunda-consulting-de/demo-conference-agenda:0.0.30: digest: sha256:92b4baa23a2c27e5f8f9d93c00e840bda293cbe794287b0181a7ee12afd37666 size: 1244

Showing logs for build [32msalaboy-demo-conference-agenda-54dc7-2[0m stage [32mfrom-build-pack[0m and container [32mstep-build-post-build[0m
no CVE provider running in the current ** namespace so skip adding image to be analysed

Showing logs for build [32msalaboy-demo-conference-agenda-54dc7-2[0m stage [32mfrom-build-pack[0m and container [32mstep-promote-changelog[0m
Converted /workspace/source/charts/demo-conference-agenda to an unshallow repository
Generating change log from git ref 40923919f48f6a683b816a5776cc37a8e5b00050 => 76312e4a1b8f6afe6ea14e4bad26837a34f28f5d
Associating user x-0 in users.jenkins.io with email *******@gmail.com to git GitProvider user with login -0 as emails match
Adding label jenkins.io/git-github-userid=-0 to user x-0 in users.jenkins.io
WARNING: Failed to enrich commit 5a18ffaf2fafc0aaa2436c319e7905816d56c057 with issues: User.jenkins.io "x-0" is invalid: metadata.labels: Invalid value: "-0": a valid label must be an empty string or consist of alphanumeric characters, '-', '_' or '.', and must start and end with an alphanumeric character (e.g. 'MyValue',  or 'my_value',  or '12345', regex used for validation is '(([A-Za-z0-9][-A-Za-z0-9_.]*)?[A-Za-z0-9])?')
Associating user x-0 in users.jenkins.io with email *******@gmail.com to git GitProvider user with login -0 as emails match
Adding label jenkins.io/git-github-userid=-0 to user x-0 in users.jenkins.io
WARNING: Failed to enrich commit 5a18ffaf2fafc0aaa2436c319e7905816d56c057 with issues: User.jenkins.io "x-0" is invalid: metadata.labels: Invalid value: "-0": a valid label must be an empty string or consist of alphanumeric characters, '-', '_' or '.', and must start and end with an alphanumeric character (e.g. 'MyValue',  or 'my_value',  or '12345', regex used for validation is '(([A-Za-z0-9][-A-Za-z0-9_.]*)?[A-Za-z0-9])?')
Finding issues in commit messages using git format
WARNING: No release found for *******/demo-conference-agenda and tag v0.0.30 so creating a new release
Updated the release information at https://github.com/*******/demo-conference-agenda/releases/tag/v0.0.30
generated: /workspace/source/charts/demo-conference-agenda/templates/release.yaml
Created Release demo-conference-agenda-0-0-30 resource in namespace **
Updating PipelineActivity *******-demo-conference-agenda-master-2 with version 0.0.30
Updated PipelineActivities *******-demo-conference-agenda-master-2 with release notes URL: https://github.com/*******/demo-conference-agenda/releases/tag/v0.0.30

Showing logs for build [32msalaboy-demo-conference-agenda-54dc7-2[0m stage [32mfrom-build-pack[0m and container [32mstep-promote-helm-release[0m
WARNING: No $CHART_REPOSITORY defined so using the default value of: http://jenkins-x-chartmuseum:8080
Adding missing Helm repo: storage.googleapis.com https://storage.googleapis.com/chartmuseum.jenkins-x.io
Successfully added Helm repository storage.googleapis.com.
Adding missing Helm repo: jenkins-x-chartmuseum http://jenkins-x-chartmuseum:8080
Successfully added Helm repository jenkins-x-chartmuseum.
WARNING: No $CHART_REPOSITORY defined so using the default value of: http://jenkins-x-chartmuseum:8080
Uploading chart file demo-conference-agenda-0.0.30.tgz to http://jenkins-x-chartmuseum:8080/api/charts
Received 201 response: {"saved":true}

Showing logs for build [32msalaboy-demo-conference-agenda-54dc7-2[0m stage [32mfrom-build-pack[0m and container [32mstep-promote-jx-promote[0m
WARNING: prow based install so skip waiting for the merge of Pull Requests to go green as currently there is an issue with gettingstatuses from the PR, see https://github.com/jenkins-x/**/issues/2410
Promoting app demo-conference-agenda version 0.0.30 to namespace **-staging
Created Pull Request: https://github.com/*******/environment-soujava-**-staging/pull/10
Added label updatebot to Pull Request https://github.com/*******/environment-soujava-**-staging/pull/10
got git provider status pending from PR https://github.com/*******/environment-soujava-**-staging/pull/10
got git provider status pending from PR https://github.com/*******/environment-soujava-**-staging/pull/10
got git provider status pending from PR https://github.com/*******/environment-soujava-**-staging/pull/10
got git provider status pending from PR https://github.com/*******/environment-soujava-**-staging/pull/10
got git provider status pending from PR https://github.com/*******/environment-soujava-**-staging/pull/10
got git provider status pending from PR https://github.com/*******/environment-soujava-**-staging/pull/10
got git provider status pending from PR https://github.com/*******/environment-soujava-**-staging/pull/10
got git provider status pending from PR https://github.com/*******/environment-soujava-**-staging/pull/10
got git provider status pending from PR https://github.com/*******/environment-soujava-**-staging/pull/10
Pull Request https://github.com/*******/environment-soujava-**-staging/pull/10 is merged at sha 3bbf40220e6d305504a92fd9d78022cfeef75861
Pull Request merged but we are not waiting for the update pipeline to complete!
